[0.000000] (-) TimerEvent: {}
[0.004915] (basic_mobile_robot) JobQueued: {'identifier': 'basic_mobile_robot', 'dependencies': OrderedDict()}
[0.005726] (controllers) JobQueued: {'identifier': 'controllers', 'dependencies': OrderedDict()}
[0.005845] (basic_mobile_robot) JobStarted: {'identifier': 'basic_mobile_robot'}
[0.036084] (controllers) JobStarted: {'identifier': 'controllers'}
[0.082209] (basic_mobile_robot) JobProgress: {'identifier': 'basic_mobile_robot', 'progress': 'cmake'}
[0.084165] (basic_mobile_robot) JobProgress: {'identifier': 'basic_mobile_robot', 'progress': 'build'}
[0.092510] (basic_mobile_robot) Command: {'cmd': ['/usr/bin/cmake', '--build', '/home/diego/Workspaces/dev_ws/build/basic_mobile_robot', '--', '-j2', '-l2'], 'cwd': '/home/diego/Workspaces/dev_ws/build/basic_mobile_robot', 'env': OrderedDict([('GJS_DEBUG_TOPICS', 'JS ERROR;JS LOG'), ('LESSOPEN', '| /usr/bin/lesspipe %s'), ('USER', 'diego'), ('SSH_AGENT_PID', '1594'), ('XDG_SESSION_TYPE', 'x11'), ('SHLVL', '1'), ('LD_LIBRARY_PATH', '/usr/lib/x86_64-linux-gnu/gazebo-11/plugins:/opt/ros/foxy/opt/yaml_cpp_vendor/lib:/opt/ros/foxy/opt/rviz_ogre_vendor/lib:/opt/ros/foxy/lib/x86_64-linux-gnu:/opt/ros/foxy/lib'), ('HOME', '/home/diego'), ('OLDPWD', '/home/diego/Workspaces'), ('DESKTOP_SESSION', 'ubuntu'), ('ROS_PYTHON_VERSION', '3'), ('GNOME_SHELL_SESSION_MODE', 'ubuntu'), ('GTK_MODULES', 'gail:atk-bridge'), ('MANAGERPID', '1369'), ('DBUS_SESSION_BUS_ADDRESS', 'unix:path=/run/user/1000/bus'), ('COLORTERM', 'truecolor'), ('_colcon_cd_root', '/home/diego/dev_ws'), ('IM_CONFIG_PHASE', '1'), ('COLCON_PREFIX_PATH', '/home/diego/Workspaces/dev_ws/install'), ('ROS_DISTRO', 'foxy'), ('LOGNAME', 'diego'), ('JOURNAL_STREAM', '8:34946'), ('_', '/usr/bin/colcon'), ('ROS_VERSION', '2'), ('XDG_SESSION_CLASS', 'user'), ('USERNAME', 'diego'), ('TERM', 'xterm-256color'), ('GAZEBO_MODEL_PATH', ':/home/diego/Workspaces/dev_ws/src/basic_mobile_robot/models/:/home/diego/Workspaces/ros2_control_diffbot_ws/src/ros2_control_demos/ros2_control_demo_description/diffbot_description/'), ('GNOME_DESKTOP_SESSION_ID', 'this-is-deprecated'), ('ROS_LOCALHOST_ONLY', '0'), ('WINDOWPATH', '2'), ('PATH', '/opt/ros/foxy/bin:/home/diego/.local/bin:/usr/local/sbin:/usr/local/bin:/usr/sbin:/usr/bin:/sbin:/bin:/usr/games:/usr/local/games:/snap/bin'), ('SESSION_MANAGER', 'local/diego-VirtualBox:@/tmp/.ICE-unix/1640,unix/diego-VirtualBox:/tmp/.ICE-unix/1640'), ('INVOCATION_ID', 'b5872deb3f7242b78506a557220e545a'), ('XDG_MENU_PREFIX', 'gnome-'), ('GNOME_TERMINAL_SCREEN', '/org/gnome/Terminal/screen/65186b77_3665_4599_94fd_d17af65f79ae'), ('XDG_RUNTIME_DIR', '/run/user/1000'), ('DISPLAY', ':0'), ('LANG', 'en_US.UTF-8'), ('XDG_CURRENT_DESKTOP', 'ubuntu:GNOME'), ('XMODIFIERS', '@im=ibus'), ('XDG_SESSION_DESKTOP', 'ubuntu'), ('XAUTHORITY', '/run/user/1000/gdm/Xauthority'), ('LS_COLORS', 'rs=0:di=01;34:ln=01;36:mh=00:pi=40;33:so=01;35:do=01;35:bd=40;33;01:cd=40;33;01:or=40;31;01:mi=00:su=37;41:sg=30;43:ca=30;41:tw=30;42:ow=34;42:st=37;44:ex=01;32:*.tar=01;31:*.tgz=01;31:*.arc=01;31:*.arj=01;31:*.taz=01;31:*.lha=01;31:*.lz4=01;31:*.lzh=01;31:*.lzma=01;31:*.tlz=01;31:*.txz=01;31:*.tzo=01;31:*.t7z=01;31:*.zip=01;31:*.z=01;31:*.dz=01;31:*.gz=01;31:*.lrz=01;31:*.lz=01;31:*.lzo=01;31:*.xz=01;31:*.zst=01;31:*.tzst=01;31:*.bz2=01;31:*.bz=01;31:*.tbz=01;31:*.tbz2=01;31:*.tz=01;31:*.deb=01;31:*.rpm=01;31:*.jar=01;31:*.war=01;31:*.ear=01;31:*.sar=01;31:*.rar=01;31:*.alz=01;31:*.ace=01;31:*.zoo=01;31:*.cpio=01;31:*.7z=01;31:*.rz=01;31:*.cab=01;31:*.wim=01;31:*.swm=01;31:*.dwm=01;31:*.esd=01;31:*.jpg=01;35:*.jpeg=01;35:*.mjpg=01;35:*.mjpeg=01;35:*.gif=01;35:*.bmp=01;35:*.pbm=01;35:*.pgm=01;35:*.ppm=01;35:*.tga=01;35:*.xbm=01;35:*.xpm=01;35:*.tif=01;35:*.tiff=01;35:*.png=01;35:*.svg=01;35:*.svgz=01;35:*.mng=01;35:*.pcx=01;35:*.mov=01;35:*.mpg=01;35:*.mpeg=01;35:*.m2v=01;35:*.mkv=01;35:*.webm=01;35:*.ogm=01;35:*.mp4=01;35:*.m4v=01;35:*.mp4v=01;35:*.vob=01;35:*.qt=01;35:*.nuv=01;35:*.wmv=01;35:*.asf=01;35:*.rm=01;35:*.rmvb=01;35:*.flc=01;35:*.avi=01;35:*.fli=01;35:*.flv=01;35:*.gl=01;35:*.dl=01;35:*.xcf=01;35:*.xwd=01;35:*.yuv=01;35:*.cgm=01;35:*.emf=01;35:*.ogv=01;35:*.ogx=01;35:*.aac=00;36:*.au=00;36:*.flac=00;36:*.m4a=00;36:*.mid=00;36:*.midi=00;36:*.mka=00;36:*.mp3=00;36:*.mpc=00;36:*.ogg=00;36:*.ra=00;36:*.wav=00;36:*.oga=00;36:*.opus=00;36:*.spx=00;36:*.xspf=00;36:'), ('GNOME_TERMINAL_SERVICE', ':1.84'), ('SSH_AUTH_SOCK', '/run/user/1000/keyring/ssh'), ('AMENT_PREFIX_PATH', '/home/diego/Workspaces/dev_ws/install/nav2_bringup:/home/diego/Workspaces/dev_ws/install/controllers:/home/diego/Workspaces/dev_ws/install/basic_mobile_robot:/opt/ros/foxy'), ('SHELL', '/bin/bash'), ('QT_ACCESSIBILITY', '1'), ('GDMSESSION', 'ubuntu'), ('LESSCLOSE', '/usr/bin/lesspipe %s %s'), ('GPG_AGENT_INFO', '/run/user/1000/gnupg/S.gpg-agent:0:1'), ('GJS_DEBUG_OUTPUT', 'stderr'), ('QT_IM_MODULE', 'ibus'), ('PWD', '/home/diego/Workspaces/dev_ws/build/basic_mobile_robot'), ('LC_ALL', 'en_US.UTF-8'), ('XDG_CONFIG_DIRS', '/etc/xdg/xdg-ubuntu:/etc/xdg'), ('XDG_DATA_DIRS', '/usr/share/ubuntu:/usr/local/share/:/usr/share/:/var/lib/snapd/desktop'), ('PYTHONPATH', '/home/diego/Workspaces/dev_ws/install/controllers/lib/python3.8/site-packages:/home/diego/Workspaces/dev_ws/install/basic_mobile_robot/lib/python3.8/site-packages:/opt/ros/foxy/lib/python3.8/site-packages'), ('COLCON', '1'), ('VTE_VERSION', '6003'), ('CMAKE_PREFIX_PATH', '/home/diego/Workspaces/dev_ws/install/nav2_bringup:/home/diego/Workspaces/dev_ws/install/basic_mobile_robot:/home/diego/Workspaces/dev_ws/install/controllers:/opt/ros/foxy')]), 'shell': False}
[0.098979] (-) TimerEvent: {}
[0.200390] (-) TimerEvent: {}
[0.301957] (-) TimerEvent: {}
[0.402804] (-) TimerEvent: {}
[0.505422] (-) TimerEvent: {}
[0.609022] (-) TimerEvent: {}
[0.710620] (-) TimerEvent: {}
[0.839637] (-) TimerEvent: {}
[0.863359] (basic_mobile_robot) CommandEnded: {'returncode': 0}
[0.924051] (basic_mobile_robot) JobProgress: {'identifier': 'basic_mobile_robot', 'progress': 'install'}
[0.940104] (-) TimerEvent: {}
[0.963025] (basic_mobile_robot) Command: {'cmd': ['/usr/bin/cmake', '--install', '/home/diego/Workspaces/dev_ws/build/basic_mobile_robot'], 'cwd': '/home/diego/Workspaces/dev_ws/build/basic_mobile_robot', 'env': OrderedDict([('GJS_DEBUG_TOPICS', 'JS ERROR;JS LOG'), ('LESSOPEN', '| /usr/bin/lesspipe %s'), ('USER', 'diego'), ('SSH_AGENT_PID', '1594'), ('XDG_SESSION_TYPE', 'x11'), ('SHLVL', '1'), ('LD_LIBRARY_PATH', '/usr/lib/x86_64-linux-gnu/gazebo-11/plugins:/opt/ros/foxy/opt/yaml_cpp_vendor/lib:/opt/ros/foxy/opt/rviz_ogre_vendor/lib:/opt/ros/foxy/lib/x86_64-linux-gnu:/opt/ros/foxy/lib'), ('HOME', '/home/diego'), ('OLDPWD', '/home/diego/Workspaces'), ('DESKTOP_SESSION', 'ubuntu'), ('ROS_PYTHON_VERSION', '3'), ('GNOME_SHELL_SESSION_MODE', 'ubuntu'), ('GTK_MODULES', 'gail:atk-bridge'), ('MANAGERPID', '1369'), ('DBUS_SESSION_BUS_ADDRESS', 'unix:path=/run/user/1000/bus'), ('COLORTERM', 'truecolor'), ('_colcon_cd_root', '/home/diego/dev_ws'), ('IM_CONFIG_PHASE', '1'), ('COLCON_PREFIX_PATH', '/home/diego/Workspaces/dev_ws/install'), ('ROS_DISTRO', 'foxy'), ('LOGNAME', 'diego'), ('JOURNAL_STREAM', '8:34946'), ('_', '/usr/bin/colcon'), ('ROS_VERSION', '2'), ('XDG_SESSION_CLASS', 'user'), ('USERNAME', 'diego'), ('TERM', 'xterm-256color'), ('GAZEBO_MODEL_PATH', ':/home/diego/Workspaces/dev_ws/src/basic_mobile_robot/models/:/home/diego/Workspaces/ros2_control_diffbot_ws/src/ros2_control_demos/ros2_control_demo_description/diffbot_description/'), ('GNOME_DESKTOP_SESSION_ID', 'this-is-deprecated'), ('ROS_LOCALHOST_ONLY', '0'), ('WINDOWPATH', '2'), ('PATH', '/opt/ros/foxy/bin:/home/diego/.local/bin:/usr/local/sbin:/usr/local/bin:/usr/sbin:/usr/bin:/sbin:/bin:/usr/games:/usr/local/games:/snap/bin'), ('SESSION_MANAGER', 'local/diego-VirtualBox:@/tmp/.ICE-unix/1640,unix/diego-VirtualBox:/tmp/.ICE-unix/1640'), ('INVOCATION_ID', 'b5872deb3f7242b78506a557220e545a'), ('XDG_MENU_PREFIX', 'gnome-'), ('GNOME_TERMINAL_SCREEN', '/org/gnome/Terminal/screen/65186b77_3665_4599_94fd_d17af65f79ae'), ('XDG_RUNTIME_DIR', '/run/user/1000'), ('DISPLAY', ':0'), ('LANG', 'en_US.UTF-8'), ('XDG_CURRENT_DESKTOP', 'ubuntu:GNOME'), ('XMODIFIERS', '@im=ibus'), ('XDG_SESSION_DESKTOP', 'ubuntu'), ('XAUTHORITY', '/run/user/1000/gdm/Xauthority'), ('LS_COLORS', 'rs=0:di=01;34:ln=01;36:mh=00:pi=40;33:so=01;35:do=01;35:bd=40;33;01:cd=40;33;01:or=40;31;01:mi=00:su=37;41:sg=30;43:ca=30;41:tw=30;42:ow=34;42:st=37;44:ex=01;32:*.tar=01;31:*.tgz=01;31:*.arc=01;31:*.arj=01;31:*.taz=01;31:*.lha=01;31:*.lz4=01;31:*.lzh=01;31:*.lzma=01;31:*.tlz=01;31:*.txz=01;31:*.tzo=01;31:*.t7z=01;31:*.zip=01;31:*.z=01;31:*.dz=01;31:*.gz=01;31:*.lrz=01;31:*.lz=01;31:*.lzo=01;31:*.xz=01;31:*.zst=01;31:*.tzst=01;31:*.bz2=01;31:*.bz=01;31:*.tbz=01;31:*.tbz2=01;31:*.tz=01;31:*.deb=01;31:*.rpm=01;31:*.jar=01;31:*.war=01;31:*.ear=01;31:*.sar=01;31:*.rar=01;31:*.alz=01;31:*.ace=01;31:*.zoo=01;31:*.cpio=01;31:*.7z=01;31:*.rz=01;31:*.cab=01;31:*.wim=01;31:*.swm=01;31:*.dwm=01;31:*.esd=01;31:*.jpg=01;35:*.jpeg=01;35:*.mjpg=01;35:*.mjpeg=01;35:*.gif=01;35:*.bmp=01;35:*.pbm=01;35:*.pgm=01;35:*.ppm=01;35:*.tga=01;35:*.xbm=01;35:*.xpm=01;35:*.tif=01;35:*.tiff=01;35:*.png=01;35:*.svg=01;35:*.svgz=01;35:*.mng=01;35:*.pcx=01;35:*.mov=01;35:*.mpg=01;35:*.mpeg=01;35:*.m2v=01;35:*.mkv=01;35:*.webm=01;35:*.ogm=01;35:*.mp4=01;35:*.m4v=01;35:*.mp4v=01;35:*.vob=01;35:*.qt=01;35:*.nuv=01;35:*.wmv=01;35:*.asf=01;35:*.rm=01;35:*.rmvb=01;35:*.flc=01;35:*.avi=01;35:*.fli=01;35:*.flv=01;35:*.gl=01;35:*.dl=01;35:*.xcf=01;35:*.xwd=01;35:*.yuv=01;35:*.cgm=01;35:*.emf=01;35:*.ogv=01;35:*.ogx=01;35:*.aac=00;36:*.au=00;36:*.flac=00;36:*.m4a=00;36:*.mid=00;36:*.midi=00;36:*.mka=00;36:*.mp3=00;36:*.mpc=00;36:*.ogg=00;36:*.ra=00;36:*.wav=00;36:*.oga=00;36:*.opus=00;36:*.spx=00;36:*.xspf=00;36:'), ('GNOME_TERMINAL_SERVICE', ':1.84'), ('SSH_AUTH_SOCK', '/run/user/1000/keyring/ssh'), ('AMENT_PREFIX_PATH', '/home/diego/Workspaces/dev_ws/install/nav2_bringup:/home/diego/Workspaces/dev_ws/install/controllers:/home/diego/Workspaces/dev_ws/install/basic_mobile_robot:/opt/ros/foxy'), ('SHELL', '/bin/bash'), ('QT_ACCESSIBILITY', '1'), ('GDMSESSION', 'ubuntu'), ('LESSCLOSE', '/usr/bin/lesspipe %s %s'), ('GPG_AGENT_INFO', '/run/user/1000/gnupg/S.gpg-agent:0:1'), ('GJS_DEBUG_OUTPUT', 'stderr'), ('QT_IM_MODULE', 'ibus'), ('PWD', '/home/diego/Workspaces/dev_ws/build/basic_mobile_robot'), ('LC_ALL', 'en_US.UTF-8'), ('XDG_CONFIG_DIRS', '/etc/xdg/xdg-ubuntu:/etc/xdg'), ('XDG_DATA_DIRS', '/usr/share/ubuntu:/usr/local/share/:/usr/share/:/var/lib/snapd/desktop'), ('PYTHONPATH', '/home/diego/Workspaces/dev_ws/install/controllers/lib/python3.8/site-packages:/home/diego/Workspaces/dev_ws/install/basic_mobile_robot/lib/python3.8/site-packages:/opt/ros/foxy/lib/python3.8/site-packages'), ('COLCON', '1'), ('VTE_VERSION', '6003'), ('CMAKE_PREFIX_PATH', '/home/diego/Workspaces/dev_ws/install/nav2_bringup:/home/diego/Workspaces/dev_ws/install/basic_mobile_robot:/home/diego/Workspaces/dev_ws/install/controllers:/opt/ros/foxy')]), 'shell': False}
[0.988228] (basic_mobile_robot) StdoutLine: {'line': b'-- Install configuration: ""\n'}
[0.990914] (basic_mobile_robot) StdoutLine: {'line': b'-- Up-to-date: /home/diego/Workspaces/dev_ws/install/basic_mobile_robot/share/basic_mobile_robot/basic_mobile_robot\n'}
[0.991131] (basic_mobile_robot) StdoutLine: {'line': b'-- Up-to-date: /home/diego/Workspaces/dev_ws/install/basic_mobile_robot/share/basic_mobile_robot/basic_mobile_robot/__init__.py\n'}
[0.991284] (basic_mobile_robot) StdoutLine: {'line': b'-- Up-to-date: /home/diego/Workspaces/dev_ws/install/basic_mobile_robot/share/basic_mobile_robot/config\n'}
[0.991430] (basic_mobile_robot) StdoutLine: {'line': b'-- Up-to-date: /home/diego/Workspaces/dev_ws/install/basic_mobile_robot/share/basic_mobile_robot/config/ekf_real.yaml\n'}
[0.991576] (basic_mobile_robot) StdoutLine: {'line': b'-- Up-to-date: /home/diego/Workspaces/dev_ws/install/basic_mobile_robot/share/basic_mobile_robot/config/ekf.yaml\n'}
[0.991780] (basic_mobile_robot) StdoutLine: {'line': b'-- Up-to-date: /home/diego/Workspaces/dev_ws/install/basic_mobile_robot/share/basic_mobile_robot/launch\n'}
[0.991925] (basic_mobile_robot) StdoutLine: {'line': b'-- Up-to-date: /home/diego/Workspaces/dev_ws/install/basic_mobile_robot/share/basic_mobile_robot/launch/basic_mobile_bot_v5.launch.py\n'}
[0.992146] (basic_mobile_robot) StdoutLine: {'line': b'-- Up-to-date: /home/diego/Workspaces/dev_ws/install/basic_mobile_robot/share/basic_mobile_robot/launch/basic_mobile_bot_rviz_visualize.launch.py\n'}
[0.992317] (basic_mobile_robot) StdoutLine: {'line': b'-- Up-to-date: /home/diego/Workspaces/dev_ws/install/basic_mobile_robot/share/basic_mobile_robot/launch/basic_mobile_bot_v1.launch.py\n'}
[0.992485] (basic_mobile_robot) StdoutLine: {'line': b'-- Up-to-date: /home/diego/Workspaces/dev_ws/install/basic_mobile_robot/share/basic_mobile_robot/launch/basic_mobile_bot_v4.launch.py\n'}
[0.994703] (basic_mobile_robot) StdoutLine: {'line': b'-- Up-to-date: /home/diego/Workspaces/dev_ws/install/basic_mobile_robot/share/basic_mobile_robot/launch/basic_mobile_bot_slam.launch.py\n'}
[0.995176] (basic_mobile_robot) StdoutLine: {'line': b'-- Up-to-date: /home/diego/Workspaces/dev_ws/install/basic_mobile_robot/share/basic_mobile_robot/launch/basic_mobile_bot_slam_real.launch.py\n'}
[0.995779] (basic_mobile_robot) StdoutLine: {'line': b'-- Up-to-date: /home/diego/Workspaces/dev_ws/install/basic_mobile_robot/share/basic_mobile_robot/launch/basic_mobile_bot_v2.launch.py\n'}
[0.996230] (basic_mobile_robot) StdoutLine: {'line': b'-- Up-to-date: /home/diego/Workspaces/dev_ws/install/basic_mobile_robot/share/basic_mobile_robot/launch/rover_uvg_slam.launch.py\n'}
[0.996385] (basic_mobile_robot) StdoutLine: {'line': b'-- Up-to-date: /home/diego/Workspaces/dev_ws/install/basic_mobile_robot/share/basic_mobile_robot/launch/__pycache__\n'}
[0.996593] (basic_mobile_robot) StdoutLine: {'line': b'-- Up-to-date: /home/diego/Workspaces/dev_ws/install/basic_mobile_robot/share/basic_mobile_robot/launch/__pycache__/basic_mobile_bot_v1.launch.cpython-38.pyc\n'}
[0.996740] (basic_mobile_robot) StdoutLine: {'line': b'-- Up-to-date: /home/diego/Workspaces/dev_ws/install/basic_mobile_robot/share/basic_mobile_robot/launch/urg_launch.py\n'}
[0.996878] (basic_mobile_robot) StdoutLine: {'line': b'-- Up-to-date: /home/diego/Workspaces/dev_ws/install/basic_mobile_robot/share/basic_mobile_robot/maps\n'}
[0.997013] (basic_mobile_robot) StdoutLine: {'line': b'-- Up-to-date: /home/diego/Workspaces/dev_ws/install/basic_mobile_robot/share/basic_mobile_robot/maps/smalltown_world.yaml\n'}
[0.997146] (basic_mobile_robot) StdoutLine: {'line': b'-- Up-to-date: /home/diego/Workspaces/dev_ws/install/basic_mobile_robot/share/basic_mobile_robot/maps/smalltown_world.pgm\n'}
[0.997279] (basic_mobile_robot) StdoutLine: {'line': b'-- Up-to-date: /home/diego/Workspaces/dev_ws/install/basic_mobile_robot/share/basic_mobile_robot/meshes\n'}
[0.997415] (basic_mobile_robot) StdoutLine: {'line': b'-- Up-to-date: /home/diego/Workspaces/dev_ws/install/basic_mobile_robot/share/basic_mobile_robot/meshes/arm_base.stl\n'}
[0.997602] (basic_mobile_robot) StdoutLine: {'line': b'-- Up-to-date: /home/diego/Workspaces/dev_ws/install/basic_mobile_robot/share/basic_mobile_robot/meshes/wrist.stl\n'}
[0.997804] (basic_mobile_robot) StdoutLine: {'line': b'-- Up-to-date: /home/diego/Workspaces/dev_ws/install/basic_mobile_robot/share/basic_mobile_robot/meshes/Orugas.stl\n'}
[0.997960] (basic_mobile_robot) StdoutLine: {'line': b'-- Up-to-date: /home/diego/Workspaces/dev_ws/install/basic_mobile_robot/share/basic_mobile_robot/meshes/bicep.stl\n'}
[0.998124] (basic_mobile_robot) StdoutLine: {'line': b'-- Up-to-date: /home/diego/Workspaces/dev_ws/install/basic_mobile_robot/share/basic_mobile_robot/meshes/elbow.stl\n'}
[0.998264] (basic_mobile_robot) StdoutLine: {'line': b'-- Up-to-date: /home/diego/Workspaces/dev_ws/install/basic_mobile_robot/share/basic_mobile_robot/meshes/robot_base.stl\n'}
[0.998399] (basic_mobile_robot) StdoutLine: {'line': b'-- Up-to-date: /home/diego/Workspaces/dev_ws/install/basic_mobile_robot/share/basic_mobile_robot/meshes/wheel.stl\n'}
[1.019561] (basic_mobile_robot) StdoutLine: {'line': b'-- Up-to-date: /home/diego/Workspaces/dev_ws/install/basic_mobile_robot/share/basic_mobile_robot/meshes/Chasis.stl\n'}
[1.019890] (basic_mobile_robot) StdoutLine: {'line': b'-- Up-to-date: /home/diego/Workspaces/dev_ws/install/basic_mobile_robot/share/basic_mobile_robot/models\n'}
[1.020355] (basic_mobile_robot) StdoutLine: {'line': b'-- Up-to-date: /home/diego/Workspaces/dev_ws/install/basic_mobile_robot/share/basic_mobile_robot/models/basic_mobile_bot_description\n'}
[1.020640] (basic_mobile_robot) StdoutLine: {'line': b'-- Up-to-date: /home/diego/Workspaces/dev_ws/install/basic_mobile_robot/share/basic_mobile_robot/models/basic_mobile_bot_description/meshes\n'}
[1.021057] (basic_mobile_robot) StdoutLine: {'line': b'-- Up-to-date: /home/diego/Workspaces/dev_ws/install/basic_mobile_robot/share/basic_mobile_robot/models/basic_mobile_bot_description/meshes/arm_base.stl\n'}
[1.021445] (basic_mobile_robot) StdoutLine: {'line': b'-- Up-to-date: /home/diego/Workspaces/dev_ws/install/basic_mobile_robot/share/basic_mobile_robot/models/basic_mobile_bot_description/meshes/wrist.stl\n'}
[1.021849] (basic_mobile_robot) StdoutLine: {'line': b'-- Up-to-date: /home/diego/Workspaces/dev_ws/install/basic_mobile_robot/share/basic_mobile_robot/models/basic_mobile_bot_description/meshes/bicep.stl\n'}
[1.022384] (basic_mobile_robot) StdoutLine: {'line': b'-- Up-to-date: /home/diego/Workspaces/dev_ws/install/basic_mobile_robot/share/basic_mobile_robot/models/basic_mobile_bot_description/meshes/elbow.stl\n'}
[1.022745] (basic_mobile_robot) StdoutLine: {'line': b'-- Up-to-date: /home/diego/Workspaces/dev_ws/install/basic_mobile_robot/share/basic_mobile_robot/models/basic_mobile_bot_description/meshes/robot_base.stl\n'}
[1.023295] (basic_mobile_robot) StdoutLine: {'line': b'-- Up-to-date: /home/diego/Workspaces/dev_ws/install/basic_mobile_robot/share/basic_mobile_robot/models/basic_mobile_bot_description/meshes/wheel.stl\n'}
[1.023665] (basic_mobile_robot) StdoutLine: {'line': b'-- Up-to-date: /home/diego/Workspaces/dev_ws/install/basic_mobile_robot/share/basic_mobile_robot/models/basic_mobile_bot_description/meshes/Chasis.stl\n'}
[1.024144] (basic_mobile_robot) StdoutLine: {'line': b'-- Up-to-date: /home/diego/Workspaces/dev_ws/install/basic_mobile_robot/share/basic_mobile_robot/models/basic_mobile_bot_description/model.config\n'}
[1.024479] (basic_mobile_robot) StdoutLine: {'line': b'-- Up-to-date: /home/diego/Workspaces/dev_ws/install/basic_mobile_robot/share/basic_mobile_robot/models/basic_mobile_bot_description/model.sdf\n'}
[1.024777] (basic_mobile_robot) StdoutLine: {'line': b'-- Up-to-date: /home/diego/Workspaces/dev_ws/install/basic_mobile_robot/share/basic_mobile_robot/models/basic_mobile_bot_v1.urdf\n'}
[1.025228] (basic_mobile_robot) StdoutLine: {'line': b'-- Up-to-date: /home/diego/Workspaces/dev_ws/install/basic_mobile_robot/share/basic_mobile_robot/models/basic_mobile_bot_v2.urdf\n'}
[1.025583] (basic_mobile_robot) StdoutLine: {'line': b'-- Up-to-date: /home/diego/Workspaces/dev_ws/install/basic_mobile_robot/share/basic_mobile_robot/params\n'}
[1.026185] (basic_mobile_robot) StdoutLine: {'line': b'-- Up-to-date: /home/diego/Workspaces/dev_ws/install/basic_mobile_robot/share/basic_mobile_robot/params/urg.yaml\n'}
[1.026513] (basic_mobile_robot) StdoutLine: {'line': b'-- Up-to-date: /home/diego/Workspaces/dev_ws/install/basic_mobile_robot/share/basic_mobile_robot/params/mapper_params_online_sync.yaml\n'}
[1.034998] (basic_mobile_robot) StdoutLine: {'line': b'-- Up-to-date: /home/diego/Workspaces/dev_ws/install/basic_mobile_robot/share/basic_mobile_robot/params/nav2_params.yaml\n'}
[1.035470] (basic_mobile_robot) StdoutLine: {'line': b'-- Up-to-date: /home/diego/Workspaces/dev_ws/install/basic_mobile_robot/share/basic_mobile_robot/rviz\n'}
[1.035980] (basic_mobile_robot) StdoutLine: {'line': b'-- Up-to-date: /home/diego/Workspaces/dev_ws/install/basic_mobile_robot/share/basic_mobile_robot/rviz/urdf_config.rviz\n'}
[1.036292] (basic_mobile_robot) StdoutLine: {'line': b'-- Up-to-date: /home/diego/Workspaces/dev_ws/install/basic_mobile_robot/share/basic_mobile_robot/rviz/nav2_config.rviz\n'}
[1.036703] (basic_mobile_robot) StdoutLine: {'line': b'-- Up-to-date: /home/diego/Workspaces/dev_ws/install/basic_mobile_robot/share/basic_mobile_robot/scripts\n'}
[1.037081] (basic_mobile_robot) StdoutLine: {'line': b'-- Up-to-date: /home/diego/Workspaces/dev_ws/install/basic_mobile_robot/share/basic_mobile_robot/scripts/hardware_arduino_wheels.py\n'}
[1.037377] (basic_mobile_robot) StdoutLine: {'line': b'-- Up-to-date: /home/diego/Workspaces/dev_ws/install/basic_mobile_robot/share/basic_mobile_robot/scripts/optitrack_client.py\n'}
[1.037811] (basic_mobile_robot) StdoutLine: {'line': b'-- Up-to-date: /home/diego/Workspaces/dev_ws/install/basic_mobile_robot/share/basic_mobile_robot/scripts/node_dwm1001.py\n'}
[1.038112] (basic_mobile_robot) StdoutLine: {'line': b'-- Up-to-date: /home/diego/Workspaces/dev_ws/install/basic_mobile_robot/share/basic_mobile_robot/src\n'}
[1.038439] (basic_mobile_robot) StdoutLine: {'line': b'-- Up-to-date: /home/diego/Workspaces/dev_ws/install/basic_mobile_robot/share/basic_mobile_robot/worlds\n'}
[1.038928] (basic_mobile_robot) StdoutLine: {'line': b'-- Up-to-date: /home/diego/Workspaces/dev_ws/install/basic_mobile_robot/share/basic_mobile_robot/worlds/basic_mobile_bot_world\n'}
[1.039224] (basic_mobile_robot) StdoutLine: {'line': b'-- Up-to-date: /home/diego/Workspaces/dev_ws/install/basic_mobile_robot/share/basic_mobile_robot/worlds/basic_mobile_bot_world/smalltown.world\n'}
[1.039719] (basic_mobile_robot) StdoutLine: {'line': b'-- Up-to-date: /home/diego/Workspaces/dev_ws/install/basic_mobile_robot/share/basic_mobile_robot/environment/pythonpath.sh\n'}
[1.040113] (-) TimerEvent: {}
[1.047508] (basic_mobile_robot) StdoutLine: {'line': b'-- Up-to-date: /home/diego/Workspaces/dev_ws/install/basic_mobile_robot/share/basic_mobile_robot/environment/pythonpath.dsv\n'}
[1.047849] (basic_mobile_robot) StdoutLine: {'line': b'-- Up-to-date: /home/diego/Workspaces/dev_ws/install/basic_mobile_robot/lib/python3.8/site-packages/basic_mobile_robot\n'}
[1.047989] (basic_mobile_robot) StdoutLine: {'line': b'-- Up-to-date: /home/diego/Workspaces/dev_ws/install/basic_mobile_robot/lib/python3.8/site-packages/basic_mobile_robot/__init__.py\n'}
[1.086098] (basic_mobile_robot) StdoutLine: {'line': b"Listing '/home/diego/Workspaces/dev_ws/install/basic_mobile_robot/lib/python3.8/site-packages/basic_mobile_robot'...\n"}
[1.101705] (basic_mobile_robot) StdoutLine: {'line': b'-- Up-to-date: /home/diego/Workspaces/dev_ws/install/basic_mobile_robot/lib/basic_mobile_robot/hardware_arduino_wheels.py\n'}
[1.102287] (basic_mobile_robot) StdoutLine: {'line': b'-- Up-to-date: /home/diego/Workspaces/dev_ws/install/basic_mobile_robot/lib/basic_mobile_robot/optitrack_client.py\n'}
[1.103187] (basic_mobile_robot) StdoutLine: {'line': b'-- Up-to-date: /home/diego/Workspaces/dev_ws/install/basic_mobile_robot/share/ament_index/resource_index/package_run_dependencies/basic_mobile_robot\n'}
[1.103869] (basic_mobile_robot) StdoutLine: {'line': b'-- Up-to-date: /home/diego/Workspaces/dev_ws/install/basic_mobile_robot/share/ament_index/resource_index/parent_prefix_path/basic_mobile_robot\n'}
[1.104326] (basic_mobile_robot) StdoutLine: {'line': b'-- Up-to-date: /home/diego/Workspaces/dev_ws/install/basic_mobile_robot/share/basic_mobile_robot/environment/ament_prefix_path.sh\n'}
[1.104589] (basic_mobile_robot) StdoutLine: {'line': b'-- Up-to-date: /home/diego/Workspaces/dev_ws/install/basic_mobile_robot/share/basic_mobile_robot/environment/ament_prefix_path.dsv\n'}
[1.104788] (basic_mobile_robot) StdoutLine: {'line': b'-- Up-to-date: /home/diego/Workspaces/dev_ws/install/basic_mobile_robot/share/basic_mobile_robot/environment/path.sh\n'}
[1.106857] (basic_mobile_robot) StdoutLine: {'line': b'-- Up-to-date: /home/diego/Workspaces/dev_ws/install/basic_mobile_robot/share/basic_mobile_robot/environment/path.dsv\n'}
[1.107346] (basic_mobile_robot) StdoutLine: {'line': b'-- Up-to-date: /home/diego/Workspaces/dev_ws/install/basic_mobile_robot/share/basic_mobile_robot/local_setup.bash\n'}
[1.107612] (basic_mobile_robot) StdoutLine: {'line': b'-- Up-to-date: /home/diego/Workspaces/dev_ws/install/basic_mobile_robot/share/basic_mobile_robot/local_setup.sh\n'}
[1.108058] (basic_mobile_robot) StdoutLine: {'line': b'-- Up-to-date: /home/diego/Workspaces/dev_ws/install/basic_mobile_robot/share/basic_mobile_robot/local_setup.zsh\n'}
[1.111064] (basic_mobile_robot) StdoutLine: {'line': b'-- Up-to-date: /home/diego/Workspaces/dev_ws/install/basic_mobile_robot/share/basic_mobile_robot/local_setup.dsv\n'}
[1.111519] (basic_mobile_robot) StdoutLine: {'line': b'-- Installing: /home/diego/Workspaces/dev_ws/install/basic_mobile_robot/share/basic_mobile_robot/package.dsv\n'}
[1.111763] (basic_mobile_robot) StdoutLine: {'line': b'-- Up-to-date: /home/diego/Workspaces/dev_ws/install/basic_mobile_robot/share/ament_index/resource_index/packages/basic_mobile_robot\n'}
[1.114564] (basic_mobile_robot) StdoutLine: {'line': b'-- Up-to-date: /home/diego/Workspaces/dev_ws/install/basic_mobile_robot/share/basic_mobile_robot/cmake/basic_mobile_robotConfig.cmake\n'}
[1.115273] (basic_mobile_robot) StdoutLine: {'line': b'-- Up-to-date: /home/diego/Workspaces/dev_ws/install/basic_mobile_robot/share/basic_mobile_robot/cmake/basic_mobile_robotConfig-version.cmake\n'}
[1.115790] (basic_mobile_robot) StdoutLine: {'line': b'-- Up-to-date: /home/diego/Workspaces/dev_ws/install/basic_mobile_robot/share/basic_mobile_robot/package.xml\n'}
[1.128356] (basic_mobile_robot) CommandEnded: {'returncode': 0}
[1.140515] (-) TimerEvent: {}
[1.242032] (-) TimerEvent: {}
[1.324669] (basic_mobile_robot) JobEnded: {'identifier': 'basic_mobile_robot', 'rc': 0}
[1.342807] (-) TimerEvent: {}
[1.445469] (-) TimerEvent: {}
[1.546040] (-) TimerEvent: {}
[1.646788] (-) TimerEvent: {}
[1.724949] (controllers) StderrLine: {'line': b'Traceback (most recent call last):\n  File "/usr/lib/python3/dist-packages/colcon_parallel_executor/executor/parallel.py", line 67, in execute\n    loop.run_until_complete(future)\n  File "/usr/lib/python3.8/asyncio/base_events.py", line 603, in run_until_complete\n    self.run_forever()\n  File "/usr/lib/python3.8/asyncio/base_events.py", line 570, in run_forever\n    self._run_once()\n  File "/usr/lib/python3.8/asyncio/base_events.py", line 1823, in _run_once\n    event_list = self._selector.select(timeout)\n  File "/usr/lib/python3.8/selectors.py", line 468, in select\n    fd_event_list = self._selector.poll(timeout, max_ev)\nKeyboardInterrupt\n\nDuring handling of the above exception, another exception occurred:\n\nTraceback (most recent call last):\n  File "/usr/lib/python3/dist-packages/colcon_core/executor/__init__.py", line 91, in __call__\n    rc = await self.task(*args, **kwargs)\n  File "/usr/lib/python3/dist-packages/colcon_core/task/__init__.py", line 93, in __call__\n    return await task_method(*args, **kwargs)\n  File "/usr/lib/python3/dist-packages/colcon_ros/task/ament_python/build.py", line 105, in build\n    return await extension.build(additional_hooks=additional_hooks)\n  File "/usr/lib/python3/dist-packages/colcon_core/task/python/build.py", line 59, in build\n    available_commands = await self._get_available_commands(\n  File "/usr/lib/python3/dist-packages/colcon_core/task/python/build.py", line 142, in _get_available_commands\n    output = await check_output(\n  File "/usr/lib/python3/dist-packages/colcon_core/subprocess.py", line 128, in check_output\n    assert not rc, f\'Expected {args} to pass: {stderr_data}\'\nAssertionError: Expected [\'/usr/bin/python3\', \'setup.py\', \'--help-commands\'] to pass: Traceback (most recent call last):\n  File "setup.py", line 5, in <module>\n    setup(\n  File "/usr/lib/python3/dist-packages/setuptools/__init__.py", line 144, in setup\n    return distutils.core.setup(**attrs)\n  File "/usr/lib/python3.8/distutils/core.py", line 108, in setup\n    _setup_distribution = dist = klass(attrs)\n  File "/usr/lib/python3/dist-packages/setuptools/dist.py", line 447, in __init__\n    _Distribution.__init__(self, {\n  File "/usr/lib/python3.8/distutils/dist.py", line 292, in __init__\n    self.finalize_options()\n  File "/usr/lib/python3/dist-packages/setuptools/dist.py", line 739, in finalize_options\n    for ep in sorted(eps, key=by_order):\n  File "/usr/lib/python3/dist-packages/pkg_resources/__init__.py", line 657, in <genexpr>\n    for entry in dist.get_entry_map(group).values()\n  File "/usr/lib/python3/dist-packages/pkg_resources/__init__.py", line 2858, in get_entry_map\n    try:\nKeyboardInterrupt\n\n'}
[1.726116] (controllers) JobEnded: {'identifier': 'controllers', 'rc': 'SIGINT'}
[1.736414] (-) EventReactorShutdown: {}
